<?xml version="1.0" encoding="UTF-8"?>
<!-- Generated by org.testng.reporters.JUnitReportReporter -->
<testsuite hostname="DESKTOP-8S455D7" failures="0" tests="1" name="com.comcast.crm.organizationtest.CreateOrganizationTest" time="33.553" errors="0" timestamp="2021-05-05T17:23:48 IST" skipped="0">
  <testcase classname="com.comcast.crm.organizationtest.CreateOrganizationTest" name="createOrganizationTest" time="33.553"/>
  <system-out/>
</testsuite> <!-- com.comcast.crm.organizationtest.CreateOrganizationTest -->
